2025-04-12 23:48:38,710 - MarketDataGateway - root - INFO - Logging configured for service 'MarketDataGateway'. Level: INFO, Console: True, File: True
2025-04-12 23:54:26,631 - MarketDataGateway - root - INFO - Logging configured for service 'MarketDataGateway'. Level: INFO, Console: True, File: True
2025-04-12 23:55:50,106 - MarketDataGateway - root - INFO - Logging configured for service 'MarketDataGateway'. Level: INFO, Console: True, File: True
2025-04-12 23:57:12,100 - MarketDataGateway - root - INFO - Logging configured for service 'MarketDataGateway'. Level: INFO, Console: True, File: True
2025-04-12 23:57:12,554 - MarketDataGateway - __main__ - INFO - Initializing market data gateway service...
2025-04-12 23:57:12,588 - MarketDataGateway - zmq_services.market_data_gateway - INFO - Market data publisher bound to: tcp://*:5555
2025-04-12 23:57:12,590 - MarketDataGateway - zmq_services.market_data_gateway - WARNING - Using Chinese keys for CTP connection settings. Connection might fail if the gateway expects English keys (e.g., userID, password).
2025-04-12 23:57:12,590 - MarketDataGateway - zmq_services.market_data_gateway - INFO - Market data gateway service initialized.
2025-04-12 23:57:12,590 - MarketDataGateway - __main__ - INFO - Attempting to start service...
2025-04-12 23:57:12,590 - MarketDataGateway - zmq_services.market_data_gateway - INFO - Starting market data gateway service...
2025-04-12 23:57:12,590 - MarketDataGateway - zmq_services.market_data_gateway - INFO - Event engine started.
2025-04-12 23:57:12,592 - MarketDataGateway - zmq_services.market_data_gateway - INFO - Connecting CTP gateway with provided settings...
2025-04-12 23:58:16,318 - MarketDataGateway - root - INFO - Logging configured for service 'MarketDataGateway'. Level: INFO, Console: True, File: True
2025-04-12 23:58:16,818 - MarketDataGateway - __main__ - INFO - Initializing market data gateway service...
2025-04-12 23:58:16,818 - MarketDataGateway - zmq_services.market_data_gateway - INFO - Market data publisher bound to: tcp://*:5555
2025-04-12 23:58:16,818 - MarketDataGateway - zmq_services.market_data_gateway - WARNING - Using Chinese keys for CTP connection settings. Connection might fail if the gateway expects English keys (e.g., userID, password).
2025-04-12 23:58:16,818 - MarketDataGateway - zmq_services.market_data_gateway - INFO - Market data gateway service initialized.
2025-04-12 23:58:16,818 - MarketDataGateway - __main__ - INFO - Attempting to start service...
2025-04-12 23:58:16,818 - MarketDataGateway - zmq_services.market_data_gateway - INFO - Starting market data gateway service...
2025-04-12 23:58:16,818 - MarketDataGateway - zmq_services.market_data_gateway - INFO - Event engine started.
2025-04-12 23:58:16,818 - MarketDataGateway - zmq_services.market_data_gateway - INFO - Connecting CTP gateway with provided settings...
2025-04-12 23:58:16,818 - MarketDataGateway - zmq_services.market_data_gateway - INFO - CTP gateway connection request sent. Waiting for connection and login events/logs...
2025-04-12 23:58:16,818 - MarketDataGateway - __main__ - INFO - Market data gateway service is running. Press Ctrl+C to stop.
